2025-05-13 16:55:35 [32minfo[39m: 	[32mAPI Server running in development mode on port 5000[39m
2025-05-13 16:55:35 [32minfo[39m: 	[32mMongoDB connected: undefined[39m
2025-05-13 16:56:02 [32minfo[39m: 	[32mAPI Server running in development mode on port 5000[39m
2025-05-13 16:56:02 [32minfo[39m: 	[32mMongoDB connected: undefined[39m
2025-05-13 16:57:34 [32minfo[39m: 	[32mAPI Server running in development mode on port 5000[39m
2025-05-13 16:57:34 [32minfo[39m: 	[32mMongoDB connected: undefined[39m
2025-05-13 17:00:57 [32minfo[39m: 	[32mAPI Server running in development mode on port 5000[39m
2025-05-13 17:00:57 [32minfo[39m: 	[32mMongoDB connected: undefined[39m
2025-05-13 17:05:46 [32minfo[39m: 	[32mAPI Server running in development mode on port 5000[39m
2025-05-13 17:05:46 [32minfo[39m: 	[32mMongoDB connected: undefined[39m
2025-05-13 17:06:12 [32minfo[39m: 	[32mAPI Server running in development mode on port 5000[39m
2025-05-13 17:06:12 [32minfo[39m: 	[32mMongoDB connected: undefined[39m
2025-05-13 17:08:30 [32minfo[39m: 	[32mAPI Server running in development mode on port 5000[39m
2025-05-13 17:08:30 [32minfo[39m: 	[32mMongoDB connected: undefined[39m
2025-05-13 17:11:44 [32minfo[39m: 	[32mAPI Server running in development mode on port 5000[39m
2025-05-13 17:11:44 [32minfo[39m: 	[32mMongoDB connected: undefined[39m
2025-05-13 17:12:44 [32minfo[39m: 	[32mGET /api/test/public[39m
2025-05-13 17:12:49 [32minfo[39m: 	[32mGET /api/test/public[39m
2025-05-13 17:12:54 [32minfo[39m: 	[32mPOST /api/auth/login[39m
2025-05-13 17:13:00 [32minfo[39m: 	[32mPOST /api/auth/register[39m
2025-05-13 17:13:00 [31merror[39m: 	[31mError: Can't find /api/auth/register on this server![39m
[31m    at E:\collagemangementBackend-main\collagemangementBackend-main\server.js:153:15[39m
[31m    at Layer.handle [as handle_request] (E:\collagemangementBackend-main\collagemangementBackend-main\node_modules\express\lib\router\layer.js:95:5)[39m
[31m    at next (E:\collagemangementBackend-main\collagemangementBackend-main\node_modules\express\lib\router\route.js:149:13)[39m
[31m    at next (E:\collagemangementBackend-main\collagemangementBackend-main\node_modules\express\lib\router\route.js:145:7)[39m
[31m    at next (E:\collagemangementBackend-main\collagemangementBackend-main\node_modules\express\lib\router\route.js:145:7)[39m
[31m    at next (E:\collagemangementBackend-main\collagemangementBackend-main\node_modules\express\lib\router\route.js:145:7)[39m
[31m    at next (E:\collagemangementBackend-main\collagemangementBackend-main\node_modules\express\lib\router\route.js:145:7)[39m
[31m    at next (E:\collagemangementBackend-main\collagemangementBackend-main\node_modules\express\lib\router\route.js:145:7)[39m
[31m    at next (E:\collagemangementBackend-main\collagemangementBackend-main\node_modules\express\lib\router\route.js:145:7)[39m
[31m    at next (E:\collagemangementBackend-main\collagemangementBackend-main\node_modules\express\lib\router\route.js:145:7)[39m
2025-05-13 17:13:04 [32minfo[39m: 	[32mGET /api/test[39m
2025-05-13 17:13:16 [32minfo[39m: 	[32mPOST /api/auth/login[39m
2025-05-13 17:13:21 [32minfo[39m: 	[32mGET /api/test[39m
2025-05-13 17:13:36 [32minfo[39m: 	[32mGET /api/test[39m
2025-05-13 17:13:44 [32minfo[39m: 	[32mPOST /api/auth/login[39m
2025-05-13 17:13:54 [32minfo[39m: 	[32mPOST /api/auth/login[39m
2025-05-13 17:14:45 [32minfo[39m: 	[32mPOST /api/auth/login[39m
2025-05-13 17:14:45 [32minfo[39m: 	[32mGET /api/test/protected[39m
2025-05-13 17:17:19 [32minfo[39m: 	[32mPOST /api/auth/login[39m
2025-05-13 17:17:20 [32minfo[39m: 	[32mGET /api/faculty/dashboard/overview[39m
2025-05-13 17:17:20 [31merror[39m: 	[31mError: Can't find /api/faculty/dashboard/overview on this server![39m
[31m    at E:\collagemangementBackend-main\collagemangementBackend-main\server.js:153:15[39m
[31m    at Layer.handle [as handle_request] (E:\collagemangementBackend-main\collagemangementBackend-main\node_modules\express\lib\router\layer.js:95:5)[39m
[31m    at next (E:\collagemangementBackend-main\collagemangementBackend-main\node_modules\express\lib\router\route.js:149:13)[39m
[31m    at next (E:\collagemangementBackend-main\collagemangementBackend-main\node_modules\express\lib\router\route.js:145:7)[39m
[31m    at next (E:\collagemangementBackend-main\collagemangementBackend-main\node_modules\express\lib\router\route.js:145:7)[39m
[31m    at next (E:\collagemangementBackend-main\collagemangementBackend-main\node_modules\express\lib\router\route.js:145:7)[39m
[31m    at next (E:\collagemangementBackend-main\collagemangementBackend-main\node_modules\express\lib\router\route.js:145:7)[39m
[31m    at next (E:\collagemangementBackend-main\collagemangementBackend-main\node_modules\express\lib\router\route.js:145:7)[39m
[31m    at next (E:\collagemangementBackend-main\collagemangementBackend-main\node_modules\express\lib\router\route.js:145:7)[39m
[31m    at Route.dispatch (E:\collagemangementBackend-main\collagemangementBackend-main\node_modules\express\lib\router\route.js:119:3)[39m
2025-05-13 17:20:49 [32minfo[39m: 	[32mAPI Server running in development mode on port 5000[39m
2025-05-13 17:20:49 [32minfo[39m: 	[32mMongoDB connected: undefined[39m
2025-05-13 17:21:01 [32minfo[39m: 	[32mPOST /api/auth/login[39m
2025-05-13 17:21:01 [32minfo[39m: 	[32mGET /api/faculty/dashboard/overview[39m
2025-05-13 17:21:37 [32minfo[39m: 	[32mAPI Server running in development mode on port 5000[39m
2025-05-13 17:21:37 [32minfo[39m: 	[32mMongoDB connected: undefined[39m
2025-05-13 17:22:04 [32minfo[39m: 	[32mPOST /api/auth/login[39m
2025-05-13 17:22:04 [32minfo[39m: 	[32mGET /api/faculty/dashboard/overview[39m
2025-05-13 17:22:43 [32minfo[39m: 	[32mAPI Server running in development mode on port 5000[39m
2025-05-13 17:22:43 [32minfo[39m: 	[32mMongoDB connected: undefined[39m
2025-05-13 17:22:56 [32minfo[39m: 	[32mPOST /api/auth/login[39m
2025-05-13 17:22:56 [32minfo[39m: 	[32mGET /api/faculty/dashboard/overview[39m
2025-05-13 17:23:41 [32minfo[39m: 	[32mAPI Server running in development mode on port 5000[39m
2025-05-13 17:23:41 [32minfo[39m: 	[32mMongoDB connected: undefined[39m
2025-05-13 17:23:56 [32minfo[39m: 	[32mPOST /api/auth/login[39m
2025-05-13 17:23:56 [32minfo[39m: 	[32mGET /api/faculty/dashboard/overview[39m
2025-05-13 17:25:12 [32minfo[39m: 	[32mAPI Server running in development mode on port 5000[39m
2025-05-13 17:25:12 [32minfo[39m: 	[32mMongoDB connected: undefined[39m
2025-05-13 17:26:30 [32minfo[39m: 	[32mAPI Server running in development mode on port 5000[39m
2025-05-13 17:26:30 [32minfo[39m: 	[32mMongoDB connected: undefined[39m
2025-05-13 17:26:35 [32minfo[39m: 	[32mPOST /api/auth/login[39m
2025-05-13 17:26:35 [32minfo[39m: 	[32mGET /api/faculty/dashboard/overview[39m
2025-05-13 17:27:21 [32minfo[39m: 	[32mAPI Server running in development mode on port 5000[39m
2025-05-13 17:27:21 [32minfo[39m: 	[32mMongoDB connected: undefined[39m
2025-05-13 17:27:45 [32minfo[39m: 	[32mPOST /api/auth/login[39m
2025-05-13 17:27:45 [32minfo[39m: 	[32mGET /api/faculty/dashboard/overview[39m
2025-05-13 17:28:58 [32minfo[39m: 	[32mAPI Server running in development mode on port 5000[39m
2025-05-13 17:28:58 [32minfo[39m: 	[32mMongoDB connected: undefined[39m
2025-05-13 17:29:33 [32minfo[39m: 	[32mPOST /api/auth/login[39m
2025-05-13 17:29:33 [32minfo[39m: 	[32mGET /api/faculty/dashboard/overview[39m
2025-05-13 17:30:12 [32minfo[39m: 	[32mAPI Server running in development mode on port 5000[39m
2025-05-13 17:30:12 [32minfo[39m: 	[32mMongoDB connected: undefined[39m
2025-05-13 17:30:18 [32minfo[39m: 	[32mPOST /api/auth/login[39m
2025-05-13 17:30:18 [32minfo[39m: 	[32mGET /api/faculty/faculty-dashboard/overview[39m
2025-05-13 17:32:24 [32minfo[39m: 	[32mAPI Server running in development mode on port 5000[39m
2025-05-13 17:32:24 [32minfo[39m: 	[32mMongoDB connected: undefined[39m
2025-05-13 17:32:32 [32minfo[39m: 	[32mPOST /api/auth/login[39m
2025-05-13 17:32:32 [32minfo[39m: 	[32mGET /api/faculty/faculty-dashboard/overview[39m
2025-05-13 17:36:23 [32minfo[39m: 	[32mAPI Server running in development mode on port 5000[39m
2025-05-13 17:36:23 [32minfo[39m: 	[32mMongoDB connected: undefined[39m
2025-05-13 17:38:38 [32minfo[39m: 	[32mAPI Server running in development mode on port 5000[39m
2025-05-13 17:38:38 [32minfo[39m: 	[32mMongoDB connected: undefined[39m
2025-05-13 17:43:18 [32minfo[39m: 	[32mGET /api/auth/test[39m
2025-05-13 17:43:18 [31merror[39m: 	[31mError: Can't find /api/auth/test on this server![39m
[31m    at E:\collagemangementBackend-main\collagemangementBackend-main\server.js:164:15[39m
[31m    at Layer.handle [as handle_request] (E:\collagemangementBackend-main\collagemangementBackend-main\node_modules\express\lib\router\layer.js:95:5)[39m
[31m    at next (E:\collagemangementBackend-main\collagemangementBackend-main\node_modules\express\lib\router\route.js:149:13)[39m
[31m    at next (E:\collagemangementBackend-main\collagemangementBackend-main\node_modules\express\lib\router\route.js:145:7)[39m
[31m    at next (E:\collagemangementBackend-main\collagemangementBackend-main\node_modules\express\lib\router\route.js:145:7)[39m
[31m    at next (E:\collagemangementBackend-main\collagemangementBackend-main\node_modules\express\lib\router\route.js:145:7)[39m
[31m    at next (E:\collagemangementBackend-main\collagemangementBackend-main\node_modules\express\lib\router\route.js:145:7)[39m
[31m    at next (E:\collagemangementBackend-main\collagemangementBackend-main\node_modules\express\lib\router\route.js:145:7)[39m
[31m    at next (E:\collagemangementBackend-main\collagemangementBackend-main\node_modules\express\lib\router\route.js:145:7)[39m
[31m    at Route.dispatch (E:\collagemangementBackend-main\collagemangementBackend-main\node_modules\express\lib\router\route.js:119:3)[39m
2025-05-13 17:43:19 [32minfo[39m: 	[32mGET /favicon.ico[39m
2025-05-13 17:43:19 [31merror[39m: 	[31mError: Can't find /favicon.ico on this server![39m
[31m    at E:\collagemangementBackend-main\collagemangementBackend-main\server.js:164:15[39m
[31m    at Layer.handle [as handle_request] (E:\collagemangementBackend-main\collagemangementBackend-main\node_modules\express\lib\router\layer.js:95:5)[39m
[31m    at next (E:\collagemangementBackend-main\collagemangementBackend-main\node_modules\express\lib\router\route.js:149:13)[39m
[31m    at next (E:\collagemangementBackend-main\collagemangementBackend-main\node_modules\express\lib\router\route.js:145:7)[39m
[31m    at next (E:\collagemangementBackend-main\collagemangementBackend-main\node_modules\express\lib\router\route.js:145:7)[39m
[31m    at next (E:\collagemangementBackend-main\collagemangementBackend-main\node_modules\express\lib\router\route.js:145:7)[39m
[31m    at next (E:\collagemangementBackend-main\collagemangementBackend-main\node_modules\express\lib\router\route.js:145:7)[39m
[31m    at next (E:\collagemangementBackend-main\collagemangementBackend-main\node_modules\express\lib\router\route.js:145:7)[39m
[31m    at next (E:\collagemangementBackend-main\collagemangementBackend-main\node_modules\express\lib\router\route.js:145:7)[39m
[31m    at Route.dispatch (E:\collagemangementBackend-main\collagemangementBackend-main\node_modules\express\lib\router\route.js:119:3)[39m
2025-05-13 17:43:43 [32minfo[39m: 	[32mAPI Server running in development mode on port 5000[39m
2025-05-13 17:43:43 [32minfo[39m: 	[32mMongoDB connected: undefined[39m
2025-05-13 17:46:24 [32minfo[39m: 	[32mAPI Server running in development mode on port 5000[39m
2025-05-13 17:46:24 [32minfo[39m: 	[32mMongoDB connected: undefined[39m
2025-05-13 17:48:57 [32minfo[39m: 	[32mAPI Server running in development mode on port 5000[39m
2025-05-13 17:48:57 [32minfo[39m: 	[32mMongoDB connected: undefined[39m
2025-05-13 17:52:50 [32minfo[39m: 	[32mAPI Server running in development mode on port 5000[39m
2025-05-13 17:52:50 [32minfo[39m: 	[32mMongoDB connected: undefined[39m
2025-05-13 17:53:17 [32minfo[39m: 	[32mPOST /api/auth/login[39m
2025-05-13 17:54:32 [32minfo[39m: 	[32mPOST /api/auth/login[39m
2025-05-13 17:56:38 [32minfo[39m: 	[32mAPI Server running in development mode on port 5000[39m
2025-05-13 17:56:38 [32minfo[39m: 	[32mMongoDB connected: undefined[39m
2025-05-13 17:58:49 [32minfo[39m: 	[32mGET /[39m
2025-05-13 17:58:49 [31merror[39m: 	[31mError: Can't find / on this server![39m
[31m    at E:\collagemangementBackend-main\collagemangementBackend-main\server.js:115:15[39m
[31m    at Layer.handle [as handle_request] (E:\collagemangementBackend-main\collagemangementBackend-main\node_modules\express\lib\router\layer.js:95:5)[39m
[31m    at next (E:\collagemangementBackend-main\collagemangementBackend-main\node_modules\express\lib\router\route.js:149:13)[39m
[31m    at next (E:\collagemangementBackend-main\collagemangementBackend-main\node_modules\express\lib\router\route.js:145:7)[39m
[31m    at next (E:\collagemangementBackend-main\collagemangementBackend-main\node_modules\express\lib\router\route.js:145:7)[39m
[31m    at next (E:\collagemangementBackend-main\collagemangementBackend-main\node_modules\express\lib\router\route.js:145:7)[39m
[31m    at next (E:\collagemangementBackend-main\collagemangementBackend-main\node_modules\express\lib\router\route.js:145:7)[39m
[31m    at next (E:\collagemangementBackend-main\collagemangementBackend-main\node_modules\express\lib\router\route.js:145:7)[39m
[31m    at next (E:\collagemangementBackend-main\collagemangementBackend-main\node_modules\express\lib\router\route.js:145:7)[39m
[31m    at Route.dispatch (E:\collagemangementBackend-main\collagemangementBackend-main\node_modules\express\lib\router\route.js:119:3)[39m
2025-05-13 18:00:32 [32minfo[39m: 	[32mAPI Server running in development mode on port 5000[39m
2025-05-13 18:00:32 [32minfo[39m: 	[32mMongoDB connected: undefined[39m
2025-05-13 18:00:50 [32minfo[39m: 	[32mGET /[39m
2025-05-13 18:00:50 [31merror[39m: 	[31mError: Can't find / on this server![39m
[31m    at E:\collagemangementBackend-main\collagemangementBackend-main\server.js:115:15[39m
[31m    at Layer.handle [as handle_request] (E:\collagemangementBackend-main\collagemangementBackend-main\node_modules\express\lib\router\layer.js:95:5)[39m
[31m    at next (E:\collagemangementBackend-main\collagemangementBackend-main\node_modules\express\lib\router\route.js:149:13)[39m
[31m    at next (E:\collagemangementBackend-main\collagemangementBackend-main\node_modules\express\lib\router\route.js:145:7)[39m
[31m    at next (E:\collagemangementBackend-main\collagemangementBackend-main\node_modules\express\lib\router\route.js:145:7)[39m
[31m    at next (E:\collagemangementBackend-main\collagemangementBackend-main\node_modules\express\lib\router\route.js:145:7)[39m
[31m    at next (E:\collagemangementBackend-main\collagemangementBackend-main\node_modules\express\lib\router\route.js:145:7)[39m
[31m    at next (E:\collagemangementBackend-main\collagemangementBackend-main\node_modules\express\lib\router\route.js:145:7)[39m
[31m    at next (E:\collagemangementBackend-main\collagemangementBackend-main\node_modules\express\lib\router\route.js:145:7)[39m
[31m    at Route.dispatch (E:\collagemangementBackend-main\collagemangementBackend-main\node_modules\express\lib\router\route.js:119:3)[39m
2025-05-13 18:00:51 [32minfo[39m: 	[32mGET /[39m
2025-05-13 18:00:51 [31merror[39m: 	[31mError: Can't find / on this server![39m
[31m    at E:\collagemangementBackend-main\collagemangementBackend-main\server.js:115:15[39m
[31m    at Layer.handle [as handle_request] (E:\collagemangementBackend-main\collagemangementBackend-main\node_modules\express\lib\router\layer.js:95:5)[39m
[31m    at next (E:\collagemangementBackend-main\collagemangementBackend-main\node_modules\express\lib\router\route.js:149:13)[39m
[31m    at next (E:\collagemangementBackend-main\collagemangementBackend-main\node_modules\express\lib\router\route.js:145:7)[39m
[31m    at next (E:\collagemangementBackend-main\collagemangementBackend-main\node_modules\express\lib\router\route.js:145:7)[39m
[31m    at next (E:\collagemangementBackend-main\collagemangementBackend-main\node_modules\express\lib\router\route.js:145:7)[39m
[31m    at next (E:\collagemangementBackend-main\collagemangementBackend-main\node_modules\express\lib\router\route.js:145:7)[39m
[31m    at next (E:\collagemangementBackend-main\collagemangementBackend-main\node_modules\express\lib\router\route.js:145:7)[39m
[31m    at next (E:\collagemangementBackend-main\collagemangementBackend-main\node_modules\express\lib\router\route.js:145:7)[39m
[31m    at Route.dispatch (E:\collagemangementBackend-main\collagemangementBackend-main\node_modules\express\lib\router\route.js:119:3)[39m
2025-05-13 18:00:52 [32minfo[39m: 	[32mGET /[39m
2025-05-13 18:00:52 [31merror[39m: 	[31mError: Can't find / on this server![39m
[31m    at E:\collagemangementBackend-main\collagemangementBackend-main\server.js:115:15[39m
[31m    at Layer.handle [as handle_request] (E:\collagemangementBackend-main\collagemangementBackend-main\node_modules\express\lib\router\layer.js:95:5)[39m
[31m    at next (E:\collagemangementBackend-main\collagemangementBackend-main\node_modules\express\lib\router\route.js:149:13)[39m
[31m    at next (E:\collagemangementBackend-main\collagemangementBackend-main\node_modules\express\lib\router\route.js:145:7)[39m
[31m    at next (E:\collagemangementBackend-main\collagemangementBackend-main\node_modules\express\lib\router\route.js:145:7)[39m
[31m    at next (E:\collagemangementBackend-main\collagemangementBackend-main\node_modules\express\lib\router\route.js:145:7)[39m
[31m    at next (E:\collagemangementBackend-main\collagemangementBackend-main\node_modules\express\lib\router\route.js:145:7)[39m
[31m    at next (E:\collagemangementBackend-main\collagemangementBackend-main\node_modules\express\lib\router\route.js:145:7)[39m
[31m    at next (E:\collagemangementBackend-main\collagemangementBackend-main\node_modules\express\lib\router\route.js:145:7)[39m
[31m    at Route.dispatch (E:\collagemangementBackend-main\collagemangementBackend-main\node_modules\express\lib\router\route.js:119:3)[39m
2025-05-13 18:00:53 [32minfo[39m: 	[32mGET /[39m
2025-05-13 18:00:53 [31merror[39m: 	[31mError: Can't find / on this server![39m
[31m    at E:\collagemangementBackend-main\collagemangementBackend-main\server.js:115:15[39m
[31m    at Layer.handle [as handle_request] (E:\collagemangementBackend-main\collagemangementBackend-main\node_modules\express\lib\router\layer.js:95:5)[39m
[31m    at next (E:\collagemangementBackend-main\collagemangementBackend-main\node_modules\express\lib\router\route.js:149:13)[39m
[31m    at next (E:\collagemangementBackend-main\collagemangementBackend-main\node_modules\express\lib\router\route.js:145:7)[39m
[31m    at next (E:\collagemangementBackend-main\collagemangementBackend-main\node_modules\express\lib\router\route.js:145:7)[39m
[31m    at next (E:\collagemangementBackend-main\collagemangementBackend-main\node_modules\express\lib\router\route.js:145:7)[39m
[31m    at next (E:\collagemangementBackend-main\collagemangementBackend-main\node_modules\express\lib\router\route.js:145:7)[39m
[31m    at next (E:\collagemangementBackend-main\collagemangementBackend-main\node_modules\express\lib\router\route.js:145:7)[39m
[31m    at next (E:\collagemangementBackend-main\collagemangementBackend-main\node_modules\express\lib\router\route.js:145:7)[39m
[31m    at Route.dispatch (E:\collagemangementBackend-main\collagemangementBackend-main\node_modules\express\lib\router\route.js:119:3)[39m
2025-05-13 18:01:48 [32minfo[39m: 	[32mAPI Server running in development mode on port 5000[39m
2025-05-13 18:01:48 [32minfo[39m: 	[32mMongoDB connected: undefined[39m
2025-05-13 18:02:32 [32minfo[39m: 	[32mGET /[39m
2025-05-13 18:02:37 [32minfo[39m: 	[32mPOST /api/auth/login[39m
2025-05-13 18:03:42 [32minfo[39m: 	[32mPOST /api/auth/login[39m
2025-05-13 18:04:20 [32minfo[39m: 	[32mPOST /api/auth/login[39m
2025-05-13 18:04:53 [32minfo[39m: 	[32mAPI Server running in development mode on port 5000[39m
2025-05-13 18:04:53 [32minfo[39m: 	[32mMongoDB connected: undefined[39m
2025-05-13 18:04:57 [32minfo[39m: 	[32mPOST /api/auth/login[39m
2025-05-13 18:05:11 [32minfo[39m: 	[32mAPI Server running in development mode on port 5000[39m
2025-05-13 18:05:11 [32minfo[39m: 	[32mMongoDB connected: undefined[39m
2025-05-13 18:05:17 [32minfo[39m: 	[32mPOST /api/auth/login[39m
2025-05-13 18:05:40 [32minfo[39m: 	[32mAPI Server running in development mode on port 5000[39m
2025-05-13 18:05:40 [32minfo[39m: 	[32mMongoDB connected: undefined[39m
2025-05-13 18:05:43 [32minfo[39m: 	[32mPOST /api/auth/login[39m
2025-05-13 18:06:18 [32minfo[39m: 	[32mGET /[39m
2025-05-13 18:06:24 [32minfo[39m: 	[32mPOST /api/auth/login[39m
2025-05-13 18:07:21 [32minfo[39m: 	[32mAPI Server running in development mode on port 5000[39m
2025-05-13 18:07:21 [32minfo[39m: 	[32mMongoDB connected: undefined[39m
2025-05-13 18:07:43 [32minfo[39m: 	[32mPOST /api/auth/login[39m
